Points per test case: 10; penalty per failed test case: 0; maximum: 30 

Test case: {-1,1-}knapsack [(2,3)] 3 == ([(2,3)],3); test OK 
Test case: {-1,2-}knapsack [(2,3),(2,3)] 6 == ([(2,3),(2,3)],6); test OK 
Test case: {-1,3-}let s[]=[];s(e:r)=s[i|i<-r,i<=e]++(e:s[i|i<-r,i>e])in [s l|(l,14)<-[knapsack [(2,3),(2,3),(3,4),(3,4),(5,6)] 10],s l/= [(2,3),(2,3),(3,4),(3,4)]] == []; test OK 

OK tests: 3; FAILED tests: 0
Score : 30

Points per test case: 10; penalty per failed test case: 0; maximum: 30 

Test case: {-1,4-}let s[]=[];s(e:r)=s[i|i<-r,i<=e]++(e:s[i|i<-r,i>e])in [s l|(l,_)<-[knapsack [(2,6),(2,7),(5,3),(10,100)]100],s l/=[(2,6),(2,7),(5,3),(10,100)]] == []; test OK 
Test case: {-1,5-}let s[]=[];s(e:r)=s[i|i<-r,i<=e]++(e:s[i|i<-r,i>e])in [s l|(l,_)<-[knapsack [(2,6),(2,7),(5,3),(10,100)]10],s l/=[(10,100)]] == []; test OK 
Test case: {-1,6-}let s[]=[];s(e:r)=s[i|i<-r,i<=e]++(e:s[i|i<-r,i>e])in [s l|(l,_)<-[knapsack [(2,6),(2,7),(5,3),(10,100)]1],s l/=[]] == []; test OK 

OK tests: 3; FAILED tests: 0
Score : 30

Points per test case: 10; penalty per failed test case: 0; maximum: 20 

Test case: {-2,1-}take 5[(m,n,binom_dp(m,n))|m<-[0..12],n<-[1..m],k<-[m-n]] == [(1,1,1),(2,1,2),(2,2,1),(3,1,3),(3,2,3)]; test OK 
Test case: {-2,2-}(take 5.drop 5)[(m,n,binom_dp(m,n))|m<-[0..12],n<-[1..m],k<-[m-n]] == [(3,3,1),(4,1,4),(4,2,6),(4,3,4),(4,4,1)]; test OK 

OK tests: 2; FAILED tests: 0
Score : 20

Points per test case: 10; penalty per failed test case: 0; maximum: 20 

Test case: {-2,3-}(take 5.drop 10)[(m,n,binom_dp(m,n))|m<-[0..12],n<-[1..m],k<-[m-n]] == [(5,1,5),(5,2,10),(5,3,10),(5,4,5),(5,5,1)]; test OK 
Test case: {-2,4-}(take 5.drop 15)[(m,n,binom_dp(m,n))|m<-[0..12],n<-[1..m],k<-[m-n]] == [(6,1,6),(6,2,15),(6,3,20),(6,4,15),(6,5,6)]; test OK 

OK tests: 2; FAILED tests: 0
Score : 20

Total score: 100

